<?xml version="1.0" encoding="UTF-8"?>
<testng-results ignored="0" total="1" passed="1" failed="0" skipped="0">
  <reporter-output>
  </reporter-output>
  <suite started-at="2023-03-14T20:59:43 IST" name="Default suite" finished-at="2023-03-14T21:00:59 IST" duration-ms="75829">
    <groups>
    </groups>
    <test started-at="2023-03-14T20:59:43 IST" name="Default test" finished-at="2023-03-14T21:00:59 IST" duration-ms="75829">
      <class name="Practice.Dynamicxpath">
        <test-method signature="test()[pri:0, instance:Practice.Dynamicxpath@2a54a73f]" started-at="2023-03-14T20:59:44 IST" name="test" finished-at="2023-03-14T21:00:59 IST" duration-ms="74580" status="PASS">
          <reporter-output>
          </reporter-output>
        </test-method> <!-- test -->
      </class> <!-- Practice.Dynamicxpath -->
    </test> <!-- Default test -->
  </suite> <!-- Default suite -->
</testng-results>
